--- extensions.lst.orig	2015-10-24 06:26:40 UTC
+++ extensions.lst
@@ -37,6 +37,18 @@
 # [ language=all && ENABLE_XXX ]
 #    file://XXX.oxt
 
+# PDF Import extension
+[ language=all && ENABLE_PDFIMPORT=YES ]
+    file://pdfimport/pdfimport.oxt
+
+# Report Builder extension
+[ language=all && ENABLE_REPORTBUILDER=YES ]
+    file://reportbuilder/reportbuilder.oxt
+
+# Wiki Publisher extension
+[ language=all && ENABLE_MEDIAWIKI=YES ]
+    file://swext/wiki-publisher.oxt
+
 # English dictionary
 [ language=en.* || language=de || language=it ]
     f5f6aab4cc5d92a34ab13ad15332770c http://sourceforge.net/projects/aoo-extensions/files/17102/21/dict-en.oxt/download "dict-en.oxt"
