--- czech-lexicon.out.orig	Wed Dec 26 17:22:12 2007
+++ czech-lexicon.out	Wed Dec 26 17:28:09 2007
@@ -45,7 +45,9 @@
 ("a" nil (((a) 0)))
 ("a" sym (((a:) 0)))
 ("b" nil (((b e:) 0)))
+("Base" nil (((b e j z) 0)))
 ("c" nil (((c e:) 0)))
+("Calc" nil (((k o: l k) 0)))
 ("cca" nil (((c i r k a) 0)))
 ("ch" nil (((ch a:) 0)))
 ("Chocomy¹l" nil (((ch o c o m i s~ l) 0)))
@@ -78,7 +80,16 @@
 ("copyrightùm" nil (((k o p i r a j t u: m) 0)))
 ("czech" nil (((c~ e k) 0)))
 ("d" nil (((d e:) 0)))
+("Draw" nil (((d r o:) 0)))
 ("e" nil (((e:) 0)))
+("Einstein" nil (((a j n s~ t a j n) 0)))
+("Einsteina" nil (((a j n s~ t a j n a) 0)))
+("Einsteinem" nil (((a j n s~ t a j n e m) 0)))
+("Einsteinova" nil (((a j n s~ t a j n o v a) 0)))
+("Einsteinovi" nil (((a j n s~ t a j n o v i) 0)))
+("Einsteinovou" nil (((a j n s~ t a j n o v o u) 0)))
+("Einsteinovy" nil (((a j n s~ t a j n o v i) 0)))
+("Einsteinovì" nil (((a j n s~ t a j n o v j e) 0)))
 ("Emacs" nil (((i: m e k s) 0)))
 ("Emacsech" nil (((i: m e k s e ch) 0)))
 ("Emacsem" nil (((i: m e k s e m) 0)))
@@ -101,6 +112,7 @@
 ("Emacsùm" nil (((i: m e k s u: m) 0)))
 ("escape" nil (((i s k e j p) 0)))
 ("f" nil (((e f) 0)))
+("Firefox" nil (((f a j r f o k s) 0)))
 ("foundation" nil (((f a u n d e j s~ n) 0)))
 ("freeware" nil (((f r i: v e: r e) 0)))
 ("freewarech" nil (((f r i: v e: r e ch) 0)))
@@ -145,15 +157,45 @@
 ("hardwary" nil (((h a r d v e: r i) 0)))
 ("hardwarù" nil (((h a r d v e: r u:) 0)))
 ("hardwarùm" nil (((h a r d v e: r u: m) 0)))
+("Impress" nil (((i m p r e s) 0)))
 ("j" nil (((j e:) 0)))
 ("k" nil (((k) 0)))
 ("k" sym (((k a:) 0)))
 ("Kè" nil (((k o r u n) 0)))
 ("l" nil (((e l) 0)))
 ("m" nil (((e m) 0)))
+("Marsem" nil (((m a r z e m) 0)))
+("Marsovy" nil (((m a r z o v i) 0)))
+("Marsových" nil (((m a r z o v i: ch) 0)))
+("Marsovým" nil (((m a r z o v i: m) 0)))
+("Marsovými" nil (((m a r z o v i: m i) 0)))
+("Marsu" nil (((m a r z u) 0)))
+("Maryland" nil (((m e r y l e n d) 0)))
+("Math" nil (((m a: f) 0)))
+("Michigan" nil (((m i s~ i g e n) 0)))
+("monitorovat" nil (((m o n i t o r o v a t) 0)))
+("monitoruje" nil (((m o n i t o r u j e) 0)))
+("monitorujeme" nil (((m o n i t o r u j e m e) 0)))
+("monitorujete" nil (((m o n i t o r u j e t e) 0)))
+("monitoruje¹" nil (((m o n i t o r u j e s~) 0)))
+("monitoruji" nil (((m o n i t o r u j i) 0)))
+("monitorují" nil (((m o n i t o r u j i:) 0)))
+("Mozilla" nil (((m o z i l a) 0)))
 ("n" nil (((e n) 0)))
+("Newton" nil (((n~ u: t n) 0)))
+("Newtona" nil (((n~ u: t n a) 0)))
+("Newtonem" nil (((n~ u: t n e m) 0)))
+("Newtonova" nil (((n~ u: t n o v a) 0)))
+("Newtonovi" nil (((n~ u: t n o v a) 0)))
+("Newtonovou" nil (((n~ u: t n o v o u) 0)))
+("Newtonovy" nil (((n~ u: t n o v y) 0)))
+("Newtonovì" nil (((n~ u: t n o v j e) 0)))
 ("o" nil (((o) 0)))
 ("o" sym (((o:) 0)))
+("office" nil (((o f i s) 0)))
+("OpenOffice" nil (((o p e n o f i s) 0)))
+("Orca" nil (((o r k a) 0)))
+("Orcy" nil (((o r k y) 0)))
 ("p" nil (((p e:) 0)))
 ("pst" nil (((p s t) 0)))
 ("q" nil (((k v e:) 0)))
@@ -205,10 +247,16 @@
 ("softwarù" nil (((s o f t v e: r u:) 0)))
 ("softwarùm" nil (((s o f t v e: r u: m) 0)))
 ("t" nil (((t e:) 0)))
+("technika" nil (((t e ch n i k a) 0)))
+("techniku" nil (((t e ch n i k u) 0)))
 ("u" nil (((u) 0)))
 ("u" sym (((u:) 0)))
+("university" nil (((u n i v e r z i t y) 0)))
 ("v" nil (((v) 0)))
 ("v" sym (((v e:) 0)))
+("Writer" nil (((v r a j t r) 0)))
+("WWW" nil (((v e: v e: v e:) 0)))
+("www" nil (((v e: v e: v e:) 0)))
 ("x" nil (((i k s) 0)))
 ("y" nil (((i p s i l o n) 0)))
 ("z" nil (((z) 0)))
